2025-06-18 12:13:58,284 - app.services.trading_service - INFO - Connection à l'API Kraken établie avec succès
2025-06-18 12:15:47,650 - app.services.trading_service - INFO - Connection à l'API Kraken établie avec succès
2025-06-18 12:39:03,487 - trading_service - ERROR - Error in API request: API Error: ['EAPI:Invalid nonce']
2025-06-18 12:39:03,487 - trading_service - ERROR - Error getting balance: API Error: ['EAPI:Invalid nonce']
2025-06-18 12:39:03,520 - trading_service - ERROR - Error analyzing market for BTCUSD: single positional indexer is out-of-bounds
2025-06-18 12:39:03,545 - trading_service - ERROR - Error in API request: API Error: ['EAPI:Invalid nonce']
2025-06-18 12:39:03,545 - trading_service - ERROR - Error getting open orders: API Error: ['EAPI:Invalid nonce']
2025-06-18 12:39:03,559 - trading_service - ERROR - Error analyzing market for BTCUSD: single positional indexer is out-of-bounds
2025-06-18 12:39:03,573 - trading_service - ERROR - Error in API request: API Error: ['EAPI:Invalid nonce']
2025-06-18 12:39:03,573 - trading_service - ERROR - Error getting balance: API Error: ['EAPI:Invalid nonce']
2025-06-18 12:39:03,607 - trading_service - ERROR - Error in API request: API Error: ['EAPI:Invalid nonce']
2025-06-18 12:39:03,607 - trading_service - ERROR - Error getting open orders: API Error: ['EAPI:Invalid nonce']
2025-06-18 12:39:10,596 - trading_service - ERROR - Error analyzing market for ETHUSD: single positional indexer is out-of-bounds
2025-06-18 12:39:13,255 - trading_service - ERROR - Error in API request: API Error: ['EAPI:Invalid nonce']
2025-06-18 12:39:13,255 - trading_service - ERROR - Error getting open orders: API Error: ['EAPI:Invalid nonce']
2025-06-18 12:39:54,452 - trading_service - ERROR - Error analyzing market for ETHUSD: single positional indexer is out-of-bounds
2025-06-18 12:39:54,452 - trading_service - ERROR - Error in auto trade for ETHUSD: single positional indexer is out-of-bounds
2025-06-18 12:48:35,901 - trading_service - ERROR - Error in API request: API Error: ['EAPI:Invalid nonce']
2025-06-18 12:48:35,901 - trading_service - ERROR - Error getting balance: API Error: ['EAPI:Invalid nonce']
2025-06-18 12:48:35,977 - trading_service - ERROR - Error analyzing market for BTCUSD: single positional indexer is out-of-bounds
2025-06-18 12:48:36,000 - trading_service - ERROR - Error in API request: API Error: ['EAPI:Invalid nonce']
2025-06-18 12:48:36,000 - trading_service - ERROR - Error getting open orders: API Error: ['EAPI:Invalid nonce']
2025-06-18 12:48:36,028 - trading_service - ERROR - Error in API request: API Error: ['EAPI:Invalid nonce']
2025-06-18 12:48:36,028 - trading_service - ERROR - Error getting balance: API Error: ['EAPI:Invalid nonce']
2025-06-18 12:48:36,046 - trading_service - ERROR - Error analyzing market for BTCUSD: single positional indexer is out-of-bounds
2025-06-18 12:48:36,076 - trading_service - ERROR - Error in API request: API Error: ['EAPI:Invalid nonce']
2025-06-18 12:48:36,076 - trading_service - ERROR - Error getting open orders: API Error: ['EAPI:Invalid nonce']
2025-06-18 12:51:51,105 - trading_service - ERROR - Error in API request: API Error: ['EAPI:Invalid nonce']
2025-06-18 12:51:51,105 - trading_service - ERROR - Error getting balance: API Error: ['EAPI:Invalid nonce']
2025-06-18 12:51:51,160 - trading_service - ERROR - Error in API request: API Error: ['EAPI:Invalid nonce']
2025-06-18 12:51:51,160 - trading_service - ERROR - Error getting open orders: API Error: ['EAPI:Invalid nonce']
2025-06-18 12:51:51,182 - trading_service - ERROR - Error analyzing market for BTCUSD: single positional indexer is out-of-bounds
2025-06-18 12:51:51,231 - trading_service - ERROR - Error analyzing market for BTCUSD: single positional indexer is out-of-bounds
2025-06-18 12:51:51,232 - trading_service - ERROR - Error in API request: API Error: ['EAPI:Invalid nonce']
2025-06-18 12:51:51,233 - trading_service - ERROR - Error getting open orders: API Error: ['EAPI:Invalid nonce']
2025-06-18 12:51:51,294 - trading_service - ERROR - Error in API request: API Error: ['EAPI:Invalid nonce']
2025-06-18 12:51:51,294 - trading_service - ERROR - Error getting balance: API Error: ['EAPI:Invalid nonce']
2025-06-18 12:54:08,894 - trading_service - ERROR - Error in API request: API Error: ['EAPI:Invalid nonce']
2025-06-18 12:54:08,894 - trading_service - ERROR - Error getting open orders: API Error: ['EAPI:Invalid nonce']
2025-06-18 12:54:08,913 - trading_service - ERROR - Error in API request: API Error: ['EAPI:Invalid nonce']
2025-06-18 12:54:08,913 - trading_service - ERROR - Error getting balance: API Error: ['EAPI:Invalid nonce']
2025-06-18 12:54:08,940 - trading_service - ERROR - Error in API request: API Error: ['EAPI:Invalid nonce']
2025-06-18 12:54:08,940 - trading_service - ERROR - Error getting open orders: API Error: ['EAPI:Invalid nonce']
2025-06-18 12:54:08,966 - trading_service - ERROR - Error analyzing market for BTCUSD: single positional indexer is out-of-bounds
2025-06-18 12:54:08,975 - trading_service - ERROR - Error in API request: API Error: ['EAPI:Invalid nonce']
2025-06-18 12:54:08,976 - trading_service - ERROR - Error getting balance: API Error: ['EAPI:Invalid nonce']
2025-06-18 12:54:09,014 - trading_service - ERROR - Error analyzing market for BTCUSD: single positional indexer is out-of-bounds
2025-06-18 12:55:34,162 - asyncio - ERROR - Unclosed client session
client_session: <aiohttp.client.ClientSession object at 0x0000016C2A03F250>
2025-06-18 12:55:35,034 - trading_service - INFO - API Key présente: Oui
2025-06-18 12:55:35,034 - trading_service - INFO - API Secret présente: Oui
2025-06-18 12:55:35,035 - trading_service - INFO - Mode réel activé - utilisation de l'API Kraken
2025-06-18 12:57:17,321 - trading_service - INFO - API Key présente: Oui
2025-06-18 12:57:17,322 - trading_service - INFO - API Secret présente: Oui
2025-06-18 12:57:17,322 - trading_service - INFO - Mode réel activé - utilisation de l'API Kraken
2025-06-18 12:57:32,380 - trading_service - ERROR - Error in API request: API Error: ['EAPI:Invalid nonce']
2025-06-18 12:57:32,380 - trading_service - ERROR - Error getting balance: API Error: ['EAPI:Invalid nonce']
2025-06-18 12:57:32,400 - trading_service - ERROR - Error analyzing market for BTCUSD: single positional indexer is out-of-bounds
2025-06-18 12:57:32,427 - trading_service - ERROR - Error in API request: API Error: ['EAPI:Invalid nonce']
2025-06-18 12:57:32,427 - trading_service - ERROR - Error getting open orders: API Error: ['EAPI:Invalid nonce']
2025-06-18 12:57:32,450 - trading_service - ERROR - Error analyzing market for BTCUSD: single positional indexer is out-of-bounds
2025-06-18 12:57:32,469 - trading_service - ERROR - Error in API request: API Error: ['EAPI:Invalid nonce']
2025-06-18 12:57:32,469 - trading_service - ERROR - Error getting balance: API Error: ['EAPI:Invalid nonce']
2025-06-18 12:57:32,477 - trading_service - ERROR - Error in API request: API Error: ['EAPI:Invalid nonce']
2025-06-18 12:57:32,477 - trading_service - ERROR - Error getting open orders: API Error: ['EAPI:Invalid nonce']
2025-06-18 12:58:10,351 - asyncio - ERROR - Unclosed client session
client_session: <aiohttp.client.ClientSession object at 0x000001EBA419AA10>
2025-06-18 12:58:11,319 - trading_service - INFO - API Key présente: Oui
2025-06-18 12:58:11,319 - trading_service - INFO - API Secret présente: Oui
2025-06-18 12:58:11,319 - trading_service - INFO - Mode réel activé - utilisation de l'API Kraken
2025-06-18 13:00:30,828 - trading_service - ERROR - Error in API request: API Error: ['EAPI:Invalid nonce']
2025-06-18 13:00:30,828 - trading_service - ERROR - Error getting open orders: API Error: ['EAPI:Invalid nonce']
2025-06-18 13:00:30,866 - trading_service - ERROR - Error in API request: API Error: ['EAPI:Invalid nonce']
2025-06-18 13:00:30,866 - trading_service - ERROR - Error getting balance: API Error: ['EAPI:Invalid nonce']
2025-06-18 13:00:30,875 - trading_service - ERROR - Error in API request: API Error: ['EAPI:Invalid nonce']
2025-06-18 13:00:30,875 - trading_service - ERROR - Error getting open orders: API Error: ['EAPI:Invalid nonce']
2025-06-18 13:00:30,899 - trading_service - ERROR - Error analyzing market for BTCUSD: single positional indexer is out-of-bounds
2025-06-18 13:00:30,911 - trading_service - ERROR - Error in API request: API Error: ['EAPI:Invalid nonce']
2025-06-18 13:00:30,911 - trading_service - ERROR - Error getting balance: API Error: ['EAPI:Invalid nonce']
2025-06-18 13:00:30,937 - trading_service - ERROR - Error analyzing market for BTCUSD: single positional indexer is out-of-bounds
2025-06-18 13:03:26,486 - trading_service - ERROR - Error in API request: API Error: ['EAPI:Invalid key']
2025-06-18 13:03:26,486 - trading_service - ERROR - Error getting balance: API Error: ['EAPI:Invalid key']
2025-06-18 13:03:26,500 - trading_service - ERROR - Error in API request: API Error: ['EAPI:Invalid key']
2025-06-18 13:03:26,500 - trading_service - ERROR - Error getting open orders: API Error: ['EAPI:Invalid key']
2025-06-18 13:03:26,529 - trading_service - ERROR - Error analyzing market for BTCUSD: single positional indexer is out-of-bounds
2025-06-18 13:03:26,530 - trading_service - ERROR - Error in API request: API Error: ['EAPI:Invalid key']
2025-06-18 13:03:26,531 - trading_service - ERROR - Error getting balance: API Error: ['EAPI:Invalid key']
2025-06-18 13:03:26,546 - trading_service - ERROR - Error in API request: API Error: ['EAPI:Invalid key']
2025-06-18 13:03:26,546 - trading_service - ERROR - Error getting open orders: API Error: ['EAPI:Invalid key']
2025-06-18 13:03:26,564 - trading_service - ERROR - Error analyzing market for BTCUSD: single positional indexer is out-of-bounds
2025-06-18 13:04:56,369 - trading_service - INFO - API Key présente: Oui
2025-06-18 13:04:56,369 - trading_service - INFO - API Secret présente: Oui
2025-06-18 13:04:56,369 - trading_service - INFO - Mode réel activé - utilisation de l'API Kraken
2025-06-18 13:05:07,518 - trading_service - ERROR - Error in API request: API Error: ['EAPI:Invalid key']
2025-06-18 13:05:07,518 - trading_service - ERROR - Error getting open orders: API Error: ['EAPI:Invalid key']
2025-06-18 13:05:07,523 - trading_service - ERROR - Error in API request: API Error: ['EAPI:Invalid key']
2025-06-18 13:05:07,523 - trading_service - ERROR - Error getting balance: API Error: ['EAPI:Invalid key']
2025-06-18 13:05:07,561 - trading_service - ERROR - Error in API request: API Error: ['EAPI:Invalid key']
2025-06-18 13:05:07,561 - trading_service - ERROR - Error getting open orders: API Error: ['EAPI:Invalid key']
2025-06-18 13:05:07,567 - trading_service - ERROR - Error in API request: API Error: ['EAPI:Invalid key']
2025-06-18 13:05:07,568 - trading_service - ERROR - Error getting balance: API Error: ['EAPI:Invalid key']
2025-06-18 13:05:07,634 - trading_service - ERROR - Error analyzing market for BTCUSD: single positional indexer is out-of-bounds
2025-06-18 13:05:07,668 - trading_service - ERROR - Error analyzing market for BTCUSD: single positional indexer is out-of-bounds
2025-06-18 13:05:10,445 - asyncio - ERROR - Unclosed client session
client_session: <aiohttp.client.ClientSession object at 0x0000020E06AA2150>
2025-06-18 13:05:10,446 - asyncio - ERROR - Unclosed connector
connections: ['[(<aiohttp.client_proto.ResponseHandler object at 0x0000020E06A2FD90>, 232096.609), (<aiohttp.client_proto.ResponseHandler object at 0x0000020E06A2EDD0>, 232096.609), (<aiohttp.client_proto.ResponseHandler object at 0x0000020E06A2FCB0>, 232096.64), (<aiohttp.client_proto.ResponseHandler object at 0x0000020E06A2FD20>, 232096.703)]']
connector: <aiohttp.connector.TCPConnector object at 0x0000020E06AA2450>
2025-06-18 13:05:15,136 - trading_service - ERROR - Error in API request: API Error: ['EGeneral:Temporary lockout']
2025-06-18 13:05:15,136 - trading_service - ERROR - Error getting balance: API Error: ['EGeneral:Temporary lockout']
2025-06-18 13:05:15,150 - trading_service - ERROR - Error analyzing market for BTCUSD: single positional indexer is out-of-bounds
2025-06-18 13:05:15,154 - trading_service - ERROR - Error in API request: API Error: ['EGeneral:Temporary lockout']
2025-06-18 13:05:15,154 - trading_service - ERROR - Error getting open orders: API Error: ['EGeneral:Temporary lockout']
2025-06-18 13:05:15,196 - trading_service - ERROR - Error analyzing market for BTCUSD: single positional indexer is out-of-bounds
2025-06-18 13:05:15,201 - trading_service - ERROR - Error in API request: API Error: ['EGeneral:Temporary lockout']
2025-06-18 13:05:15,201 - trading_service - ERROR - Error getting open orders: API Error: ['EGeneral:Temporary lockout']
2025-06-18 13:05:15,265 - trading_service - ERROR - Error in API request: API Error: ['EGeneral:Temporary lockout']
2025-06-18 13:05:15,266 - trading_service - ERROR - Error getting balance: API Error: ['EGeneral:Temporary lockout']
2025-06-18 13:05:43,764 - trading_service - ERROR - Error in API request: API Error: ['EGeneral:Temporary lockout']
2025-06-18 13:05:43,764 - trading_service - ERROR - Error getting open orders: API Error: ['EGeneral:Temporary lockout']
2025-06-18 13:05:52,526 - asyncio - ERROR - Unclosed client session
client_session: <aiohttp.client.ClientSession object at 0x00000243FD547050>
2025-06-18 13:05:52,526 - asyncio - ERROR - Unclosed connector
connections: ['[(<aiohttp.client_proto.ResponseHandler object at 0x00000243FD52CC20>, 232136.625), (<aiohttp.client_proto.ResponseHandler object at 0x00000243FD52CD70>, 232136.656)]']
connector: <aiohttp.connector.TCPConnector object at 0x00000243FD546FD0>
2025-06-18 13:05:53,437 - trading_service - INFO - API Key présente: Oui
2025-06-18 13:05:53,438 - trading_service - INFO - API Secret présente: Oui
2025-06-18 13:05:53,438 - trading_service - INFO - Mode réel activé - utilisation de l'API Kraken
2025-06-18 13:05:53,537 - trading_service - INFO - Requête réussie vers /0/public/OHLC?pair=ETHUSD&interval=60
2025-06-18 13:05:53,545 - trading_service - ERROR - Error analyzing market for ETHUSD: single positional indexer is out-of-bounds
2025-06-18 13:05:53,548 - trading_service - INFO - Requête réussie vers /0/public/OHLC?pair=ETHUSD&interval=60
2025-06-18 13:05:53,548 - trading_service - INFO - Requête réussie vers /0/public/OHLC?pair=XRPUSD&interval=60
2025-06-18 13:05:53,553 - trading_service - INFO - Requête réussie vers /0/public/OHLC?pair=XRPUSD&interval=60
2025-06-18 13:05:53,560 - trading_service - ERROR - Error analyzing market for XRPUSD: single positional indexer is out-of-bounds
2025-06-18 13:05:57,571 - trading_service - INFO - Requête réussie vers /0/public/OHLC?pair=LTCUSD&interval=60
2025-06-18 13:05:57,577 - trading_service - ERROR - Error analyzing market for LTCUSD: single positional indexer is out-of-bounds
2025-06-18 13:05:57,636 - trading_service - INFO - Requête réussie vers /0/public/OHLC?pair=LTCUSD&interval=60
2025-06-18 13:06:00,641 - trading_service - INFO - Requête réussie vers /0/public/OHLC?pair=DOTUSD&interval=60
2025-06-18 13:06:00,671 - trading_service - INFO - Requête réussie vers /0/public/OHLC?pair=DOTUSD&interval=60
2025-06-18 13:06:00,694 - trading_service - INFO - Requête réussie vers /0/public/Ticker?pair=DOTUSD
2025-06-18 13:06:02,384 - trading_service - INFO - API Key présente: Oui
2025-06-18 13:06:02,384 - trading_service - INFO - API Secret présente: Oui
2025-06-18 13:06:02,384 - trading_service - INFO - Mode réel activé - utilisation de l'API Kraken
2025-06-18 13:06:06,085 - trading_service - INFO - Envoi requête authentifiée vers /0/private/Balance
2025-06-18 13:06:06,085 - trading_service - INFO - Signature générée avec succès pour /0/private/Balance
2025-06-18 13:06:06,130 - trading_service - ERROR - Erreur API pour /0/private/Balance: ['EGeneral:Temporary lockout']
2025-06-18 13:06:06,130 - trading_service - ERROR - Erreur lors de la requête vers /0/private/Balance: API Error: ['EGeneral:Temporary lockout']
2025-06-18 13:06:06,130 - trading_service - ERROR - Error getting balance: API Error: ['EGeneral:Temporary lockout']
2025-06-18 13:06:06,438 - trading_service - INFO - Envoi requête authentifiée vers /0/private/Balance
2025-06-18 13:06:06,438 - trading_service - INFO - Signature générée avec succès pour /0/private/Balance
2025-06-18 13:06:06,481 - trading_service - ERROR - Erreur API pour /0/private/Balance: ['EGeneral:Temporary lockout']
2025-06-18 13:06:06,481 - trading_service - ERROR - Erreur lors de la requête vers /0/private/Balance: API Error: ['EGeneral:Temporary lockout']
2025-06-18 13:06:06,481 - trading_service - ERROR - Error getting balance: API Error: ['EGeneral:Temporary lockout']
2025-06-18 13:06:26,624 - trading_service - INFO - Envoi requête authentifiée vers /0/private/Balance
2025-06-18 13:06:26,625 - trading_service - INFO - Signature générée avec succès pour /0/private/Balance
2025-06-18 13:06:26,659 - trading_service - INFO - Envoi requête authentifiée vers /0/private/OpenOrders
2025-06-18 13:06:26,659 - trading_service - INFO - Signature générée avec succès pour /0/private/OpenOrders
2025-06-18 13:06:26,744 - trading_service - ERROR - Erreur API pour /0/private/OpenOrders: ['EGeneral:Temporary lockout']
2025-06-18 13:06:26,744 - trading_service - ERROR - Erreur lors de la requête vers /0/private/OpenOrders: API Error: ['EGeneral:Temporary lockout']
2025-06-18 13:06:26,744 - trading_service - ERROR - Error getting open orders: API Error: ['EGeneral:Temporary lockout']
2025-06-18 13:06:26,746 - trading_service - INFO - Envoi requête authentifiée vers /0/private/OpenOrders
2025-06-18 13:06:26,746 - trading_service - INFO - Signature générée avec succès pour /0/private/OpenOrders
2025-06-18 13:06:26,802 - trading_service - ERROR - Erreur API pour /0/private/OpenOrders: ['EGeneral:Temporary lockout']
2025-06-18 13:06:26,802 - trading_service - ERROR - Erreur lors de la requête vers /0/private/OpenOrders: API Error: ['EGeneral:Temporary lockout']
2025-06-18 13:06:26,802 - trading_service - ERROR - Error getting open orders: API Error: ['EGeneral:Temporary lockout']
2025-06-18 13:06:26,808 - trading_service - INFO - Requête réussie vers /0/public/OHLC?pair=BTCUSD&interval=60
2025-06-18 13:06:26,814 - trading_service - ERROR - Erreur API pour /0/private/Balance: ['EGeneral:Temporary lockout']
2025-06-18 13:06:26,814 - trading_service - ERROR - Erreur lors de la requête vers /0/private/Balance: API Error: ['EGeneral:Temporary lockout']
2025-06-18 13:06:26,815 - trading_service - ERROR - Error getting balance: API Error: ['EGeneral:Temporary lockout']
2025-06-18 13:06:26,818 - trading_service - INFO - Requête réussie vers /0/public/OHLC?pair=BTCUSD&interval=60
2025-06-18 13:06:26,827 - trading_service - ERROR - Error analyzing market for BTCUSD: single positional indexer is out-of-bounds
2025-06-18 13:06:26,828 - trading_service - INFO - Envoi requête authentifiée vers /0/private/Balance
2025-06-18 13:06:26,828 - trading_service - INFO - Signature générée avec succès pour /0/private/Balance
2025-06-18 13:06:26,836 - trading_service - INFO - Requête réussie vers /0/public/OHLC?pair=BTCUSD&interval=60
2025-06-18 13:06:26,859 - trading_service - INFO - Requête réussie vers /0/public/OHLC?pair=BTCUSD&interval=60
2025-06-18 13:06:26,866 - trading_service - ERROR - Error analyzing market for BTCUSD: single positional indexer is out-of-bounds
2025-06-18 13:06:26,886 - trading_service - ERROR - Erreur API pour /0/private/Balance: ['EGeneral:Temporary lockout']
2025-06-18 13:06:26,886 - trading_service - ERROR - Erreur lors de la requête vers /0/private/Balance: API Error: ['EGeneral:Temporary lockout']
2025-06-18 13:06:26,886 - trading_service - ERROR - Error getting balance: API Error: ['EGeneral:Temporary lockout']
2025-06-18 13:06:32,317 - trading_service - INFO - Requête réussie vers /0/public/OHLC?pair=DOTUSD&interval=60
2025-06-18 13:06:32,327 - trading_service - INFO - Requête réussie vers /0/public/OHLC?pair=DOTUSD&interval=60
2025-06-18 13:06:32,390 - trading_service - INFO - Requête réussie vers /0/public/Ticker?pair=DOTUSD
2025-06-18 13:06:34,959 - trading_service - INFO - Requête réussie vers /0/public/OHLC?pair=DOTUSD&interval=60
2025-06-18 13:06:35,014 - trading_service - INFO - Requête réussie vers /0/public/Ticker?pair=DOTUSD
2025-06-18 13:06:36,056 - trading_service - INFO - Requête réussie vers /0/public/OHLC?pair=ETHUSD&interval=60
2025-06-18 13:06:36,062 - trading_service - ERROR - Error analyzing market for ETHUSD: single positional indexer is out-of-bounds
2025-06-18 13:06:36,079 - trading_service - INFO - Requête réussie vers /0/public/OHLC?pair=ETHUSD&interval=60
2025-06-18 13:07:09,279 - asyncio - ERROR - Unclosed client session
client_session: <aiohttp.client.ClientSession object at 0x0000017E780C4ED0>
2025-06-18 13:07:10,147 - trading_service - INFO - API Key présente: Oui
2025-06-18 13:07:10,147 - trading_service - INFO - API Secret présente: Oui
2025-06-18 13:07:10,147 - trading_service - INFO - Mode réel activé - utilisation de l'API Kraken
2025-06-18 13:07:41,971 - trading_service - INFO - API Key présente: Oui
2025-06-18 13:07:41,971 - trading_service - INFO - API Secret présente: Oui
2025-06-18 13:07:41,972 - trading_service - INFO - Mode réel activé - utilisation de l'API Kraken
2025-06-18 13:13:20,187 - trading_service - INFO - Envoi requête authentifiée vers /0/private/Balance
2025-06-18 13:13:20,188 - trading_service - INFO - Signature générée avec succès pour /0/private/Balance
2025-06-18 13:13:20,255 - trading_service - INFO - Envoi requête authentifiée vers /0/private/OpenOrders
2025-06-18 13:13:20,255 - trading_service - INFO - Signature générée avec succès pour /0/private/OpenOrders
2025-06-18 13:13:20,373 - trading_service - ERROR - Erreur API pour /0/private/OpenOrders: ['EGeneral:Temporary lockout']
2025-06-18 13:13:20,373 - trading_service - ERROR - Erreur lors de la requête vers /0/private/OpenOrders: API Error: ['EGeneral:Temporary lockout']
2025-06-18 13:13:20,373 - trading_service - ERROR - Error getting open orders: API Error: ['EGeneral:Temporary lockout']
2025-06-18 13:13:20,410 - trading_service - ERROR - Erreur API pour /0/private/Balance: ['EGeneral:Temporary lockout']
2025-06-18 13:13:20,410 - trading_service - ERROR - Erreur lors de la requête vers /0/private/Balance: API Error: ['EGeneral:Temporary lockout']
2025-06-18 13:13:20,410 - trading_service - ERROR - Error getting balance: API Error: ['EGeneral:Temporary lockout']
2025-06-18 13:13:20,463 - trading_service - INFO - Requête réussie vers /0/public/OHLC?pair=BTCUSD&interval=60
2025-06-18 13:13:20,463 - trading_service - ERROR - Error analyzing market for BTCUSD: Pas de données OHLC disponibles
2025-06-18 13:13:23,194 - trading_service - INFO - Envoi requête authentifiée vers /0/private/Balance
2025-06-18 13:13:23,194 - trading_service - INFO - Signature générée avec succès pour /0/private/Balance
2025-06-18 13:13:23,241 - trading_service - ERROR - Erreur API pour /0/private/Balance: ['EGeneral:Temporary lockout']
2025-06-18 13:13:23,241 - trading_service - ERROR - Erreur lors de la requête vers /0/private/Balance: API Error: ['EGeneral:Temporary lockout']
2025-06-18 13:13:23,241 - trading_service - ERROR - Error getting balance: API Error: ['EGeneral:Temporary lockout']
2025-06-18 13:13:23,271 - trading_service - INFO - Envoi requête authentifiée vers /0/private/OpenOrders
2025-06-18 13:13:23,272 - trading_service - INFO - Signature générée avec succès pour /0/private/OpenOrders
2025-06-18 13:13:23,315 - trading_service - ERROR - Erreur API pour /0/private/OpenOrders: ['EGeneral:Temporary lockout']
2025-06-18 13:13:23,316 - trading_service - ERROR - Erreur lors de la requête vers /0/private/OpenOrders: API Error: ['EGeneral:Temporary lockout']
2025-06-18 13:13:23,316 - trading_service - ERROR - Error getting open orders: API Error: ['EGeneral:Temporary lockout']
2025-06-18 13:13:23,344 - trading_service - INFO - Requête réussie vers /0/public/OHLC?pair=BTCUSD&interval=60
2025-06-18 13:13:23,385 - trading_service - INFO - Requête réussie vers /0/public/OHLC?pair=BTCUSD&interval=60
2025-06-18 13:13:23,385 - trading_service - ERROR - Error analyzing market for BTCUSD: Pas de données OHLC disponibles
2025-06-18 13:13:26,400 - trading_service - INFO - Requête réussie vers /0/public/OHLC?pair=BTCUSD&interval=60
2025-06-18 13:13:28,228 - trading_service - INFO - Requête réussie vers /0/public/OHLC?pair=ETHUSD&interval=60
2025-06-18 13:13:29,387 - trading_service - INFO - Requête réussie vers /0/public/OHLC?pair=XRPUSD&interval=60
2025-06-18 13:13:30,602 - trading_service - INFO - Requête réussie vers /0/public/OHLC?pair=LTCUSD&interval=60
2025-06-18 13:13:31,234 - trading_service - INFO - Requête réussie vers /0/public/OHLC?pair=ETHUSD&interval=60
2025-06-18 13:13:31,235 - trading_service - ERROR - Error analyzing market for ETHUSD: Pas de données OHLC disponibles
2025-06-18 13:13:31,822 - trading_service - INFO - Requête réussie vers /0/public/OHLC?pair=DOTUSD&interval=60
2025-06-18 13:13:32,443 - trading_service - INFO - Requête réussie vers /0/public/OHLC?pair=XRPUSD&interval=60
2025-06-18 13:13:32,444 - trading_service - ERROR - Error analyzing market for XRPUSD: Pas de données OHLC disponibles
2025-06-18 13:13:33,632 - trading_service - INFO - Requête réussie vers /0/public/OHLC?pair=LTCUSD&interval=60
2025-06-18 13:13:33,633 - trading_service - ERROR - Error analyzing market for LTCUSD: Pas de données OHLC disponibles
2025-06-18 13:13:34,890 - trading_service - INFO - Requête réussie vers /0/public/OHLC?pair=DOTUSD&interval=60
2025-06-18 13:13:37,907 - trading_service - INFO - Requête réussie vers /0/public/OHLC?pair=DOTUSD&interval=60
2025-06-18 13:15:14,686 - trading_service - INFO - API Key présente: Oui
2025-06-18 13:15:14,686 - trading_service - INFO - API Secret présente: Oui
2025-06-18 13:15:14,686 - trading_service - INFO - Mode réel activé - utilisation de l'API Kraken
2025-06-18 13:15:29,535 - trading_service - INFO - Envoi requête authentifiée vers /0/private/Balance
2025-06-18 13:15:29,536 - trading_service - INFO - Signature générée avec succès pour /0/private/Balance
2025-06-18 13:15:29,581 - trading_service - INFO - Envoi requête authentifiée vers /0/private/OpenOrders
2025-06-18 13:15:29,582 - trading_service - INFO - Signature générée avec succès pour /0/private/OpenOrders
2025-06-18 13:15:29,651 - trading_service - ERROR - Erreur API pour /0/private/Balance: ['EGeneral:Temporary lockout']
2025-06-18 13:15:29,651 - trading_service - ERROR - Erreur lors de la requête vers /0/private/Balance: API Error: ['EGeneral:Temporary lockout']
2025-06-18 13:15:29,651 - trading_service - ERROR - Error getting balance: API Error: ['EGeneral:Temporary lockout']
2025-06-18 13:15:29,660 - trading_service - INFO - Requête réussie vers /0/public/OHLC?pair=BTCUSD&interval=60
2025-06-18 13:15:29,661 - trading_service - ERROR - Error analyzing market for BTCUSD: Pas de données OHLC disponibles
2025-06-18 13:15:29,694 - trading_service - ERROR - Erreur API pour /0/private/OpenOrders: ['EGeneral:Temporary lockout']
2025-06-18 13:15:29,694 - trading_service - ERROR - Erreur lors de la requête vers /0/private/OpenOrders: API Error: ['EGeneral:Temporary lockout']
2025-06-18 13:15:29,694 - trading_service - ERROR - Error getting open orders: API Error: ['EGeneral:Temporary lockout']
2025-06-18 13:15:32,553 - trading_service - INFO - Envoi requête authentifiée vers /0/private/Balance
2025-06-18 13:15:32,553 - trading_service - INFO - Signature générée avec succès pour /0/private/Balance
2025-06-18 13:15:32,584 - trading_service - INFO - Envoi requête authentifiée vers /0/private/OpenOrders
2025-06-18 13:15:32,584 - trading_service - INFO - Signature générée avec succès pour /0/private/OpenOrders
2025-06-18 13:15:32,626 - trading_service - INFO - Requête réussie vers /0/public/OHLC?pair=BTCUSD&interval=60
2025-06-18 13:15:32,626 - trading_service - ERROR - Error analyzing market for BTCUSD: Pas de données OHLC disponibles
2025-06-18 13:15:32,628 - trading_service - ERROR - Erreur API pour /0/private/Balance: ['EGeneral:Temporary lockout']
2025-06-18 13:15:32,628 - trading_service - ERROR - Erreur lors de la requête vers /0/private/Balance: API Error: ['EGeneral:Temporary lockout']
2025-06-18 13:15:32,628 - trading_service - ERROR - Error getting balance: API Error: ['EGeneral:Temporary lockout']
2025-06-18 13:15:32,629 - trading_service - ERROR - Erreur API pour /0/private/OpenOrders: ['EGeneral:Temporary lockout']
2025-06-18 13:15:32,629 - trading_service - ERROR - Erreur lors de la requête vers /0/private/OpenOrders: API Error: ['EGeneral:Temporary lockout']
2025-06-18 13:15:32,629 - trading_service - ERROR - Error getting open orders: API Error: ['EGeneral:Temporary lockout']
2025-06-18 13:15:32,695 - trading_service - INFO - Requête réussie vers /0/public/OHLC?pair=BTCUSD&interval=60
2025-06-18 13:15:35,688 - trading_service - INFO - Requête réussie vers /0/public/OHLC?pair=BTCUSD&interval=60
2025-06-18 13:22:41,015 - trading_service - INFO - API Key présente: Oui
2025-06-18 13:22:41,015 - trading_service - INFO - API Secret présente: Oui
2025-06-18 13:22:41,016 - trading_service - INFO - Mode réel activé - utilisation de l'API Kraken
2025-06-18 13:22:43,139 - trading_service - INFO - Envoi requête authentifiée vers /0/private/Balance
2025-06-18 13:22:43,139 - trading_service - INFO - Signature générée avec succès pour /0/private/Balance
2025-06-18 13:22:43,227 - trading_service - INFO - Envoi requête authentifiée vers /0/private/OpenOrders
2025-06-18 13:22:43,227 - trading_service - INFO - Signature générée avec succès pour /0/private/OpenOrders
2025-06-18 13:22:43,346 - trading_service - ERROR - Erreur API pour /0/private/Balance: ['EGeneral:Temporary lockout']
2025-06-18 13:22:43,347 - trading_service - ERROR - Erreur lors de la requête vers /0/private/Balance: API Error: ['EGeneral:Temporary lockout']
2025-06-18 13:22:43,347 - trading_service - ERROR - Error getting balance: API Error: ['EGeneral:Temporary lockout']
2025-06-18 13:22:43,358 - trading_service - ERROR - Erreur API pour /0/private/OpenOrders: ['EGeneral:Temporary lockout']
2025-06-18 13:22:43,359 - trading_service - ERROR - Erreur lors de la requête vers /0/private/OpenOrders: API Error: ['EGeneral:Temporary lockout']
2025-06-18 13:22:43,359 - trading_service - ERROR - Error getting open orders: API Error: ['EGeneral:Temporary lockout']
2025-06-18 13:22:43,421 - trading_service - INFO - Requête réussie vers /0/public/OHLC?pair=BTCUSD&interval=60
2025-06-18 13:22:46,149 - trading_service - INFO - Envoi requête authentifiée vers /0/private/Balance
2025-06-18 13:22:46,149 - trading_service - INFO - Signature générée avec succès pour /0/private/Balance
2025-06-18 13:22:46,192 - trading_service - ERROR - Erreur API pour /0/private/Balance: ['EGeneral:Temporary lockout']
2025-06-18 13:22:46,192 - trading_service - ERROR - Erreur lors de la requête vers /0/private/Balance: API Error: ['EGeneral:Temporary lockout']
2025-06-18 13:22:46,192 - trading_service - ERROR - Error getting balance: API Error: ['EGeneral:Temporary lockout']
2025-06-18 13:22:46,228 - trading_service - INFO - Envoi requête authentifiée vers /0/private/OpenOrders
2025-06-18 13:22:46,228 - trading_service - INFO - Signature générée avec succès pour /0/private/OpenOrders
2025-06-18 13:22:46,265 - trading_service - ERROR - Erreur API pour /0/private/OpenOrders: ['EGeneral:Temporary lockout']
2025-06-18 13:22:46,265 - trading_service - ERROR - Erreur lors de la requête vers /0/private/OpenOrders: API Error: ['EGeneral:Temporary lockout']
2025-06-18 13:22:46,265 - trading_service - ERROR - Error getting open orders: API Error: ['EGeneral:Temporary lockout']
2025-06-18 13:22:46,329 - trading_service - INFO - Requête réussie vers /0/public/OHLC?pair=BTCUSD&interval=60
2025-06-18 13:22:46,342 - trading_service - INFO - Requête réussie vers /0/public/OHLC?pair=BTCUSD&interval=60
2025-06-18 13:22:49,348 - trading_service - INFO - Requête réussie vers /0/public/OHLC?pair=BTCUSD&interval=60
2025-06-18 13:22:52,490 - trading_service - INFO - Requête réussie vers /0/public/OHLC?pair=ETHUSD&interval=60
2025-06-18 13:22:54,703 - trading_service - INFO - Requête réussie vers /0/public/OHLC?pair=XRPUSD&interval=60
2025-06-18 13:22:55,564 - trading_service - INFO - Requête réussie vers /0/public/OHLC?pair=ETHUSD&interval=60
2025-06-18 13:22:56,405 - trading_service - INFO - Requête réussie vers /0/public/OHLC?pair=LTCUSD&interval=60
2025-06-18 13:22:57,709 - trading_service - INFO - Requête réussie vers /0/public/OHLC?pair=XRPUSD&interval=60
2025-06-18 13:22:59,406 - trading_service - INFO - Requête réussie vers /0/public/OHLC?pair=LTCUSD&interval=60
